c:\sita\workspaces\cinterperter2\x64\release\vc143.pdb
c:\sita\workspaces\cinterperter2\x64\release\main.obj
c:\sita\workspaces\cinterperter2\x64\release\debug.obj
c:\sita\workspaces\cinterperter2\x64\release\chunk.obj
c:\sita\workspaces\cinterperter2\x64\release\vm.obj
c:\sita\workspaces\cinterperter2\x64\release\value.obj
c:\sita\workspaces\cinterperter2\x64\release\memory.obj
c:\sita\workspaces\cinterperter2\x64\release\compiler.obj
c:\sita\workspaces\cinterperter2\x64\release\scanner.obj
c:\sita\workspaces\cinterperter2\x64\release\table.obj
c:\sita\workspaces\cinterperter2\x64\release\object.obj
c:\sita\workspaces\cinterperter2\x64\release\cinterperter2.ipdb
c:\sita\workspaces\cinterperter2\x64\release\cinterperter2.iobj
c:\sita\workspaces\cinterperter2\x64\release\cinterperter2.exe
c:\sita\workspaces\cinterperter2\x64\release\cinterperter2.pdb
c:\sita\workspaces\cinterperter2\x64\release\cinterperter2.tlog\cl.command.1.tlog
c:\sita\workspaces\cinterperter2\x64\release\cinterperter2.tlog\cl.items.tlog
c:\sita\workspaces\cinterperter2\x64\release\cinterperter2.tlog\cl.read.1.tlog
c:\sita\workspaces\cinterperter2\x64\release\cinterperter2.tlog\cl.write.1.tlog
c:\sita\workspaces\cinterperter2\x64\release\cinterperter2.tlog\link.command.1.tlog
c:\sita\workspaces\cinterperter2\x64\release\cinterperter2.tlog\link.read.1.tlog
c:\sita\workspaces\cinterperter2\x64\release\cinterperter2.tlog\link.write.1.tlog
c:\sita\workspaces\cinterperter2\x64\release\cinterperter2.tlog\link.write.2u.tlog
